<?xml version="1.0" encoding="UTF-8"?>
<!-- Generated by org.testng.reporters.JUnitReportReporter -->
<testsuite hostname="BLRSFLT195" failures="0" tests="6" name="org.ags.EditCartFunctionality" time="94.091" errors="0" timestamp="06 Nov 2022 07:03:32 GMT" skipped="0">
  <testcase classname="org.ags.EditCartFunctionality" name="prework" time="3.693"/>
  <testcase classname="org.ags.EditCartFunctionality" name="loginCredentials" time="4.109"/>
  <testcase classname="org.ags.EditCartFunctionality" name="targetForCategory" time="30.817"/>
  <testcase classname="org.ags.EditCartFunctionality" name="saveCart" time="10.968"/>
  <testcase classname="org.ags.EditCartFunctionality" name="myCartLink" time="15.704"/>
  <testcase classname="org.ags.EditCartFunctionality" name="editValidation" time="28.800"/>
</testsuite> <!-- org.ags.EditCartFunctionality -->
