<?xml version="1.0" encoding="UTF-8"?>
<!-- Generated by org.testng.reporters.JUnitReportReporter -->
<testsuite hostname="BLRSFLT195" failures="0" tests="10" name="org.ags.cartFunctionality" time="137.794" errors="0" timestamp="05 Nov 2022 16:02:13 GMT" skipped="0">
  <testcase classname="org.ags.cartFunctionality" name="prework" time="4.011"/>
  <testcase classname="org.ags.cartFunctionality" name="loginCredentials" time="5.136"/>
  <testcase classname="org.ags.cartFunctionality" name="targetForCategory" time="36.905"/>
  <testcase classname="org.ags.cartFunctionality" name="shareCart" time="9.996"/>
  <testcase classname="org.ags.cartFunctionality" name="saveCart" time="10.474"/>
  <testcase classname="org.ags.cartFunctionality" name="myCartLink" time="17.497"/>
  <testcase classname="org.ags.cartFunctionality" name="editValidation" time="22.390"/>
  <testcase classname="org.ags.cartFunctionality" name="cartIconValidation" time="5.416"/>
  <testcase classname="org.ags.cartFunctionality" name="shareIconValidation" time="21.763"/>
  <testcase classname="org.ags.cartFunctionality" name="deleteValidation" time="4.206"/>
</testsuite> <!-- org.ags.cartFunctionality -->
