<?xml version="1.0" encoding="UTF-8"?>
<!-- Generated by org.testng.reporters.JUnitReportReporter -->
<testsuite hostname="BLRSFLT195" failures="0" tests="8" name="org.ags.UserPersonalFunctionalities" time="24.744" errors="0" timestamp="06 Nov 2022 11:40:42 GMT" skipped="3">
  <testcase classname="org.ags.UserPersonalFunctionalities" name="prework" time="3.943"/>
  <testcase classname="org.ags.UserPersonalFunctionalities" name="loginCredentials" time="3.967"/>
  <testcase classname="org.ags.UserPersonalFunctionalities" name="myAddress" time="2.252"/>
  <testcase classname="org.ags.UserPersonalFunctionalities" name="signout" time="10.447"/>
  <testcase classname="org.ags.UserPersonalFunctionalities" name="cart" time="4.135"/>
  <testcase classname="org.ags.UserPersonalFunctionalities" name="myOrders">
    <skipped/>
  </testcase> <!-- myOrders -->
  <testcase classname="org.ags.UserPersonalFunctionalities" name="wishList">
    <skipped/>
  </testcase> <!-- wishList -->
  <testcase classname="org.ags.UserPersonalFunctionalities" name="compareProducts">
    <skipped/>
  </testcase> <!-- compareProducts -->
</testsuite> <!-- org.ags.UserPersonalFunctionalities -->
