<?xml version="1.0" encoding="UTF-8"?>
<!-- Generated by org.testng.reporters.JUnitReportReporter -->
<testsuite hostname="BLRSFLT195" failures="0" tests="4" name="org.ags.Login" time="3.211" errors="0" timestamp="06 Nov 2022 07:28:18 GMT" skipped="2">
  <testcase classname="org.ags.Login" name="prework" time="2.660"/>
  <testcase classname="org.ags.Login" name="withoutEmpty" time="0.551"/>
  <testcase classname="org.ags.Login" name="withoutRule">
    <skipped/>
  </testcase> <!-- withoutRule -->
  <testcase classname="org.ags.Login" name="credentials">
    <skipped/>
  </testcase> <!-- credentials -->
</testsuite> <!-- org.ags.Login -->
