<?xml version="1.0" encoding="UTF-8"?>
<!-- Generated by org.testng.reporters.JUnitReportReporter -->
<testsuite hostname="BLRSFLT195" failures="0" tests="5" name="org.ags.CartFunctionalities" time="109.608" errors="0" timestamp="13 Oct 2022 08:57:09 GMT" skipped="0">
  <testcase classname="org.ags.CartFunctionalities" name="prework" time="3.804"/>
  <testcase classname="org.ags.CartFunctionalities" name="loginCredentials" time="4.705"/>
  <testcase classname="org.ags.CartFunctionalities" name="targetForCategory" time="36.792"/>
  <testcase classname="org.ags.CartFunctionalities" name="shareCart" time="9.249"/>
  <testcase classname="org.ags.CartFunctionalities" name="saveCart" time="55.058"/>
</testsuite> <!-- org.ags.CartFunctionalities -->
