<?xml version="1.0" encoding="UTF-8"?>
<!-- Generated by org.testng.reporters.JUnitReportReporter -->
<testsuite hostname="BLRSFLT195" failures="0" tests="4" name="org.ags.MultipleLoginCredentials" time="96.752" errors="0" timestamp="06 Nov 2022 10:21:01 GMT" skipped="0">
  <testcase classname="org.ags.MultipleLoginCredentials" name="credentials" time="20.035"/>
  <testcase classname="org.ags.MultipleLoginCredentials" name="credentials" time="22.645"/>
  <testcase classname="org.ags.MultipleLoginCredentials" name="credentials" time="30.879"/>
  <testcase classname="org.ags.MultipleLoginCredentials" name="credentials" time="23.193"/>
</testsuite> <!-- org.ags.MultipleLoginCredentials -->
