<?xml version="1.0" encoding="UTF-8"?>
<!-- Generated by org.testng.reporters.JUnitReportReporter -->
<testsuite hostname="BLRSFLT195" failures="0" tests="6" name="org.ags.ProductPurchase" time="52.761" errors="0" timestamp="05 Dec 2022 06:11:06 GMT" skipped="5">
  <testcase classname="org.ags.ProductPurchase" name="productSelecting" time="52.761"/>
  <testcase classname="org.ags.ProductPurchase" name="acsEmulator">
    <skipped/>
  </testcase> <!-- acsEmulator -->
  <testcase classname="org.ags.ProductPurchase" name="checkoutPage">
    <skipped/>
  </testcase> <!-- checkoutPage -->
  <testcase classname="org.ags.ProductPurchase" name="prework">
    <skipped/>
  </testcase> <!-- prework -->
  <testcase classname="org.ags.ProductPurchase" name="loginCredentials">
    <skipped/>
  </testcase> <!-- loginCredentials -->
  <testcase classname="org.ags.ProductPurchase" name="Payment">
    <skipped/>
  </testcase> <!-- Payment -->
</testsuite> <!-- org.ags.ProductPurchase -->
