<?xml version="1.0" encoding="UTF-8"?>
<!-- Generated by org.testng.reporters.JUnitReportReporter -->
<testsuite hostname="BLRSFLT195" failures="0" tests="3" name="org.ags.CompareProducts" time="41.628" errors="0" timestamp="05 Nov 2022 10:55:17 GMT" skipped="1">
  <testcase classname="org.ags.CompareProducts" name="product" time="10.441"/>
  <testcase classname="org.ags.CompareProducts" name="wishList" time="31.187"/>
  <testcase classname="org.ags.CompareProducts" name="removeProduct">
    <skipped/>
  </testcase> <!-- removeProduct -->
</testsuite> <!-- org.ags.CompareProducts -->
